# JRE version: Java(TM) SE Runtime Environment (22.0.1+8) (build 22.0.1+8-16)
# Java VM: Java HotSpot(TM) 64-Bit Server VM (22.0.1+8-16, mixed mode, sharing, tiered, compressed oops, compressed class ptrs, g1 gc, windows-amd64)
GC Precious Log:
 CardTable entry size: 512
 Card Set container configuration: InlinePtr #cards 4 size 8 Array Of Cards #cards 16 size 48 Howl #buckets 8 coarsen threshold 3686 Howl Bitmap #cards 512 size 80 coarsen threshold 460 Card regions per heap region 1 cards per card region 4096
 CPUs: 8 total, 8 available
 Memory: 12010M
 Large Page Support: Disabled
 NUMA Support: Disabled
 Compressed Oops: Enabled (Zero based)
 Heap Region Size: 2M
 Heap Min Capacity: 8M
 Heap Initial Capacity: 188M
 Heap Max Capacity: 3004M
 Pre-touch: Disabled
 Parallel Workers: 8
 Concurrent Workers: 2
 Concurrent Refinement Workers: 8
 Periodic GC: Disabled
Heap:
 garbage-first heap   total reserved 3076096K, committed 368640K, used 277676K [0x0000000744400000, 0x0000000800000000)
  region size 2048K, 1 young (2048K), 1 survivors (2048K)
 Metaspace       used 8353K, committed 8640K, reserved 1114112K
  class space    used 1132K, committed 1280K, reserved 1048576K
GC Heap History (8 events):
Event: 1.405 GC heap before
{Heap before GC invocations=0 (full 0):
 garbage-first heap   total reserved 3076096K, committed 192512K, used 24576K [0x0000000744400000, 0x0000000800000000)
  region size 2048K, 12 young (24576K), 0 survivors (0K)
 Metaspace       used 4590K, committed 4800K, reserved 1114112K
  class space    used 481K, committed 576K, reserved 1048576K
}
Event: 1.409 GC heap after
{Heap after GC invocations=1 (full 0):
 garbage-first heap   total reserved 3076096K, committed 192512K, used 2752K [0x0000000744400000, 0x0000000800000000)
  region size 2048K, 2 young (4096K), 2 survivors (4096K)
 Metaspace       used 4590K, committed 4800K, reserved 1114112K
  class space    used 481K, committed 576K, reserved 1048576K
}
Event: 2.246 GC heap before
{Heap before GC invocations=1 (full 0):
 garbage-first heap   total reserved 3076096K, committed 192512K, used 94912K [0x0000000744400000, 0x0000000800000000)
  region size 2048K, 13 young (26624K), 2 survivors (4096K)
 Metaspace       used 8352K, committed 8640K, reserved 1114112K
  class space    used 1132K, committed 1280K, reserved 1048576K
}
Event: 2.250 GC heap after
{Heap after GC invocations=2 (full 0):
 garbage-first heap   total reserved 3076096K, committed 192512K, used 76623K [0x0000000744400000, 0x0000000800000000)
  region size 2048K, 3 young (6144K), 3 survivors (6144K)
 Metaspace       used 8352K, committed 8640K, reserved 1114112K
  class space    used 1132K, committed 1280K, reserved 1048576K
}
Event: 2.940 GC heap before
{Heap before GC invocations=2 (full 0):
 garbage-first heap   total reserved 3076096K, committed 192512K, used 148303K [0x0000000744400000, 0x0000000800000000)
  region size 2048K, 4 young (8192K), 3 survivors (6144K)
 Metaspace       used 8353K, committed 8640K, reserved 1114112K
  class space    used 1132K, committed 1280K, reserved 1048576K
}
Event: 2.944 GC heap after
{Heap after GC invocations=3 (full 0):
 garbage-first heap   total reserved 3076096K, committed 192512K, used 148758K [0x0000000744400000, 0x0000000800000000)
  region size 2048K, 3 young (6144K), 3 survivors (6144K)
 Metaspace       used 8353K, committed 8640K, reserved 1114112K
  class space    used 1132K, committed 1280K, reserved 1048576K
}
Event: 3.653 GC heap before
{Heap before GC invocations=4 (full 0):
 garbage-first heap   total reserved 3076096K, committed 368640K, used 220438K [0x0000000744400000, 0x0000000800000000)
  region size 2048K, 4 young (8192K), 3 survivors (6144K)
 Metaspace       used 8353K, committed 8640K, reserved 1114112K
  class space    used 1132K, committed 1280K, reserved 1048576K
}
Event: 3.657 GC heap after
{Heap after GC invocations=5 (full 0):
 garbage-first heap   total reserved 3076096K, committed 368640K, used 220332K [0x0000000744400000, 0x0000000800000000)
  region size 2048K, 1 young (2048K), 1 survivors (2048K)
 Metaspace       used 8353K, committed 8640K, reserved 1114112K
  class space    used 1132K, committed 1280K, reserved 1048576K
}

