# JRE version: Java(TM) SE Runtime Environment (22.0.1+8) (build 22.0.1+8-16)
# Java VM: Java HotSpot(TM) 64-Bit Server VM (22.0.1+8-16, mixed mode, sharing, tiered, compressed oops, compressed class ptrs, g1 gc, windows-amd64)
GC Precious Log:
 CardTable entry size: 512
 Card Set container configuration: InlinePtr #cards 4 size 8 Array Of Cards #cards 16 size 48 Howl #buckets 8 coarsen threshold 3686 Howl Bitmap #cards 512 size 80 coarsen threshold 460 Card regions per heap region 1 cards per card region 4096
 CPUs: 8 total, 8 available
 Memory: 12010M
 Large Page Support: Disabled
 NUMA Support: Disabled
 Compressed Oops: Enabled (Zero based)
 Heap Region Size: 2M
 Heap Min Capacity: 8M
 Heap Initial Capacity: 188M
 Heap Max Capacity: 3004M
 Pre-touch: Disabled
 Parallel Workers: 8
 Concurrent Workers: 2
 Concurrent Refinement Workers: 8
 Periodic GC: Disabled
Heap:
 garbage-first heap   total reserved 3076096K, committed 348160K, used 279065K [0x0000000744400000, 0x0000000800000000)
  region size 2048K, 2 young (4096K), 2 survivors (4096K)
 Metaspace       used 13906K, committed 14208K, reserved 1114112K
  class space    used 2007K, committed 2112K, reserved 1048576K
GC Heap History (10 events):
Event: 0.911 GC heap before
{Heap before GC invocations=0 (full 0):
 garbage-first heap   total reserved 3076096K, committed 192512K, used 22528K [0x0000000744400000, 0x0000000800000000)
  region size 2048K, 12 young (24576K), 0 survivors (0K)
 Metaspace       used 5113K, committed 5376K, reserved 1114112K
  class space    used 579K, committed 704K, reserved 1048576K
}
Event: 0.915 GC heap after
{Heap after GC invocations=1 (full 0):
 garbage-first heap   total reserved 3076096K, committed 192512K, used 2773K [0x0000000744400000, 0x0000000800000000)
  region size 2048K, 2 young (4096K), 2 survivors (4096K)
 Metaspace       used 5113K, committed 5376K, reserved 1114112K
  class space    used 579K, committed 704K, reserved 1048576K
}
Event: 1.886 GC heap before
{Heap before GC invocations=1 (full 0):
 garbage-first heap   total reserved 3076096K, committed 192512K, used 74453K [0x0000000744400000, 0x0000000800000000)
  region size 2048K, 11 young (22528K), 2 survivors (4096K)
 Metaspace       used 8300K, committed 8576K, reserved 1114112K
  class space    used 1141K, committed 1280K, reserved 1048576K
}
Event: 1.891 GC heap after
{Heap after GC invocations=2 (full 0):
 garbage-first heap   total reserved 3076096K, committed 192512K, used 63307K [0x0000000744400000, 0x0000000800000000)
  region size 2048K, 3 young (6144K), 3 survivors (6144K)
 Metaspace       used 8300K, committed 8576K, reserved 1114112K
  class space    used 1141K, committed 1280K, reserved 1048576K
}
Event: 3.381 GC heap before
{Heap before GC invocations=2 (full 0):
 garbage-first heap   total reserved 3076096K, committed 192512K, used 155467K [0x0000000744400000, 0x0000000800000000)
  region size 2048K, 16 young (32768K), 3 survivors (6144K)
 Metaspace       used 13074K, committed 13312K, reserved 1114112K
  class space    used 1910K, committed 1984K, reserved 1048576K
}
Event: 3.391 GC heap after
{Heap after GC invocations=3 (full 0):
 garbage-first heap   total reserved 3076096K, committed 192512K, used 132504K [0x0000000744400000, 0x0000000800000000)
  region size 2048K, 4 young (8192K), 4 survivors (8192K)
 Metaspace       used 13074K, committed 13312K, reserved 1114112K
  class space    used 1910K, committed 1984K, reserved 1048576K
}
Event: 9.747 GC heap before
{Heap before GC invocations=4 (full 0):
 garbage-first heap   total reserved 3076096K, committed 225280K, used 140696K [0x0000000744400000, 0x0000000800000000)
  region size 2048K, 8 young (16384K), 4 survivors (8192K)
 Metaspace       used 13903K, committed 14208K, reserved 1114112K
  class space    used 2007K, committed 2112K, reserved 1048576K
}
Event: 9.755 GC heap after
{Heap after GC invocations=5 (full 0):
 garbage-first heap   total reserved 3076096K, committed 225280K, used 135686K [0x0000000744400000, 0x0000000800000000)
  region size 2048K, 2 young (4096K), 2 survivors (4096K)
 Metaspace       used 13903K, committed 14208K, reserved 1114112K
  class space    used 2007K, committed 2112K, reserved 1048576K
}
Event: 10.036 GC heap before
{Heap before GC invocations=6 (full 0):
 garbage-first heap   total reserved 3076096K, committed 348160K, used 207366K [0x0000000744400000, 0x0000000800000000)
  region size 2048K, 3 young (6144K), 2 survivors (4096K)
 Metaspace       used 13906K, committed 14208K, reserved 1114112K
  class space    used 2007K, committed 2112K, reserved 1048576K
}
Event: 10.039 GC heap after
{Heap after GC invocations=7 (full 0):
 garbage-first heap   total reserved 3076096K, committed 348160K, used 207385K [0x0000000744400000, 0x0000000800000000)
  region size 2048K, 2 young (4096K), 2 survivors (4096K)
 Metaspace       used 13906K, committed 14208K, reserved 1114112K
  class space    used 2007K, committed 2112K, reserved 1048576K
}

